// SPDX-FileCopyrightText: 2025 LunNova
//
// SPDX-License-Identifier: CC0-1.0
write(12, "\360\237\224\223 Opening target process with"..., 50) = 50
rt_sigprocmask(SIG_BLOCK, [HUP INT USR1 USR2 ALRM CHLD IO], [], 8) = 0
write(7, "\33\0\0\0\0\0\0\0\0\0\0\0\220\21\0\08\0\0\0\0\0\0\0\0\0\0\0\0\0\0\0"..., 64) = 64
read(8, "\0\0\0\0\0\0\0\0004\0\0\0\0\0\0\0\0\0\0\0\0\0\0\0\0\0\0\0\0\0\0\0"..., 64) = 64
rt_sigprocmask(SIG_SETMASK, [], NULL, 8) = 0
rt_sigprocmask(SIG_BLOCK, [HUP INT USR1 USR2 ALRM CHLD IO], [], 8) = 0
write(7, "\212\0\0\0\0\0\0\0\4\0\0\0\0@P\0\f\0\0\0\0\0\0\0\360\367&\0\0\0\0\0"..., 64) = 64
read(8, "\"\0\0\300\0\0\0\0\0\0\0\0\0\0\0\0\0\0\0\0\0\0\0\0\0\0\0\0\0\0\0\0"..., 64) = 64
rt_sigprocmask(SIG_SETMASK, [], NULL, 8) = 0
write(12, "\342\234\205 NtOpenProcess succeeded! Pro"..., 50) = 50
rt_sigprocmask(SIG_BLOCK, [HUP INT USR1 USR2 ALRM CHLD IO], [], 8) = 0
write(7, "\212\0\0\0\0\0\0\0\4\0\0\0\0@P\0\f\0\0\0\0\0\0\0\340\367&\0\0\0\0\0"..., 64) = 64
read(8, "\"\0\0\300\0\0\0\0\0\0\0\0\0\0\0\0\0\0\0\0\0\0\0\0\0\0\0\0\0\0\0\0"..., 64) = 64
rt_sigprocmask(SIG_SETMASK, [], NULL, 8) = 0
write(12, "\360\237\223\246 Allocating memory with NtAl"..., 55) = 55
rt_sigprocmask(SIG_BLOCK, [HUP INT USR1 USR2 ALRM CHLD IO], [], 8) = 0
writev(7, [{iov_base="\23\0\0\0@\0\0\0\0\0\0\0004\0\0\0\0\0\0\0\0\0\0\0\0\0\0\0\0\0\0\0"..., iov_len=64}, {iov_base="\3\0\0\0\0000\0\0\0\0\0\0\0\0\0\0\0\20\0\0\0\0\0\0\0\0\0\0\0\0\0\0"..., iov_len=64}], 2) = 128
read(8, "\0\0\0\0\0\0\0\08\0\0\0\0\0\0\0\0\0\0\0\0\0\0\0\0\0\0\0\0\0\0\0"..., 64) = 64
rt_sigprocmask(SIG_SETMASK, [], NULL, 8) = 0
rt_sigprocmask(SIG_BLOCK, [HUP INT USR1 USR2 ALRM CHLD IO], [], 8) = 0
writev(7, [{iov_base="\35\0\0\0000\0\0\0@\0\0\0\2\0\0\0\f\343\17\0\1\0\0\0\377\377\377\377\377\377\377\177"..., iov_len=64}, {iov_base="\0\0\0\0\0\0\0\0\0\0\0\0\0\0\0\0\0\0\0\0\0\0\0\0\0\0\0\0\0\0\0\0"..., iov_len=40}, {iov_base="\2\0\0\08\0\0\0", iov_len=8}], 3) = 112
read(8, "\0\0\0\0\0\0\0\0\0\0\0\0\1\0\0\0\0\0\0\0\0\0\0\0\0\0\0\0\0\0\0\0"..., 64) = 64
rt_sigprocmask(SIG_SETMASK, [], NULL, 8) = 0
rt_sigprocmask(SIG_BLOCK, [HUP INT USR1 USR2 ALRM CHLD IO], [], 8) = 0
write(7, "\24\0\0\0\0\0\0\0\0\0\0\08\0\0\0\0\0\0\0\0\0\0\0\0\0\0\0\0\0\0\0"..., 64) = 64
read(8, "\0\0\0\0\0\0\0\0\3\0\0\0\0\0\0\0\0\0N\1\0\0\0\0\0\20\0\0\0\0\0\0"..., 64) = 64
rt_sigprocmask(SIG_SETMASK, [], NULL, 8) = 0
rt_sigprocmask(SIG_BLOCK, [HUP INT USR1 USR2 ALRM CHLD IO], [], 8) = 0
write(7, "\212\0\0\0\0\0\0\0\4\0\0\0\0@P\0\f\0\0\0\0\0\0\0\340\367&\0\0\0\0\0"..., 64) = 64
read(8, "\"\0\0\300\0\0\0\0\0\0\0\0\0\0\0\0\0\0\0\0\0\0\0\0\0\0\0\0\0\0\0\0"..., 64) = 64
rt_sigprocmask(SIG_SETMASK, [], NULL, 8) = 0
write(12, "\342\234\205 NtAllocateVirtualMemory succ"..., 39) = 39
rt_sigprocmask(SIG_BLOCK, [HUP INT USR1 USR2 ALRM CHLD IO], [], 8) = 0
write(7, "\212\0\0\0\0\0\0\0\4\0\0\0\0@P\0\f\0\0\0\0\0\0\0\360\367&\0\0\0\0\0"..., 64) = 64
read(8, "\"\0\0\300\0\0\0\0\0\0\0\0\0\0\0\0\0\0\0\0\0\0\0\0\0\0\0\0\0\0\0\0"..., 64) = 64
rt_sigprocmask(SIG_SETMASK, [], NULL, 8) = 0
write(12, "   Allocated address: 0x14e0000\n", 32) = 32
rt_sigprocmask(SIG_BLOCK, [HUP INT USR1 USR2 ALRM CHLD IO], [], 8) = 0
write(7, "\212\0\0\0\0\0\0\0\4\0\0\0\0@P\0\f\0\0\0\0\0\0\0\360\367&\0\0\0\0\0"..., 64) = 64
read(8, "\"\0\0\300\0\0\0\0\0\0\0\0\0\0\0\0\0\0\0\0\0\0\0\0\0\0\0\0\0\0\0\0"..., 64) = 64
rt_sigprocmask(SIG_SETMASK, [], NULL, 8) = 0
write(12, "   Actual size: 4096 bytes\n", 27) = 27
rt_sigprocmask(SIG_BLOCK, [HUP INT USR1 USR2 ALRM CHLD IO], [], 8) = 0
write(7, "\212\0\0\0\0\0\0\0\4\0\0\0\0@P\0\f\0\0\0\0\0\0\0\340\367&\0\0\0\0\0"..., 64) = 64
read(8, "\"\0\0\300\0\0\0\0\0\0\0\0\0\0\0\0\0\0\0\0\0\0\0\0\0\0\0\0\0\0\0\0"..., 64) = 64
rt_sigprocmask(SIG_SETMASK, [], NULL, 8) = 0
write(12, "\360\237\247\271 Closing process handle...\n", 31) = 31
rt_sigprocmask(SIG_BLOCK, [HUP INT USR1 USR2 ALRM CHLD IO], [], 8) = 0
rt_sigprocmask(SIG_BLOCK, [HUP INT USR1 USR2 ALRM CHLD IO], [HUP INT USR1 USR2 ALRM CHLD IO], 8) = 0
write(7, "\25\0\0\0\0\0\0\0\0\0\0\0004\0\0\0\0\0\0\0\0\0\0\0\0\0\0\0\0\0\0\0"..., 64) = 64
read(8, "\0\0\0\0\0\0\0\0\0\0\0\0\0\0\0\0\0\0\0\0\0\0\0\0\0\0\0\0\0\0\0\0"..., 64) = 64
rt_sigprocmask(SIG_SETMASK, [HUP INT USR1 USR2 ALRM CHLD IO], NULL, 8) = 0
rt_sigprocmask(SIG_SETMASK, [], NULL, 8) = 0
rt_sigprocmask(SIG_BLOCK, [HUP INT USR1 USR2 ALRM CHLD IO], [], 8) = 0
write(7, "\212\0\0\0\0\0\0\0\4\0\0\0\0@P\0\f\0\0\0\0\0\0\0\340\367&\0\0\0\0\0"..., 64) = 64
read(8, "\"\0\0\300\0\0\0\0\0\0\0\0\0\0\0\0\0\0\0\0\0\0\0\0\0\0\0\0\0\0\0\0"..., 64) = 64
rt_sigprocmask(SIG_SETMASK, [], NULL, 8) = 0
write(12, "\360\237\216\211 Test completed!\n", 21) = 21
rt_sigprocmask(SIG_BLOCK, [HUP INT USR1 USR2 ALRM CHLD IO], [], 8) = 0
write(7, "\7\0\0\0\0\0\0\0\0\0\0\0\0\0\0\0\0\0\0\0\0\0\0\0\0\0\0\0\0\0\0\0"..., 64) = 64
read(8, "\0\0\0\0\0\0\0\0\1\0\0\0\0\0\0\0\0\0\0\0\0\0\0\0\0\0\0\0\0\0\0\0"..., 64) = 64
rt_sigprocmask(SIG_SETMASK, [], NULL, 8) = 0
rt_sigprocmask(SIG_BLOCK, [HUP INT USR1 USR2 ALRM CHLD IO], [], 8) = 0
write(7, "\7\0\0\0\0\0\0\0\0\0\0\0\377\377\377\377\0\0\0\0\0\0\0\0\0\0\0\0\0\0\0\0"..., 64) = 64
read(8, "\0\0\0\0\0\0\0\0\1\0\0\0\0\0\0\0\0\0\0\0\0\0\0\0\0\0\0\0\0\0\0\0"..., 64) = 64
rt_sigprocmask(SIG_SETMASK, [], NULL, 8) = 0
rt_sigprocmask(SIG_BLOCK, [HUP INT USR1 USR2 ALRM CHLD IO], NULL, 8) = 0
close(6)                                = 0
exit_group(0)                           = ?
+++ exited with 0 +++
